{"C:\\Users\\Administrator\\Desktop\\Assignments\\Quotes-API\\server.js": {"path":"C:\\Users\\Administrator\\Desktop\\Assignments\\Quotes-API\\server.js","statementMap":{"0":{"start":{"line":9,"column":12},"end":{"line":9,"column":21}},"1":{"start":{"line":10,"column":16},"end":{"line":10,"column":30}},"2":{"start":{"line":13,"column":22},"end":{"line":13,"column":103}},"3":{"start":{"line":16,"column":0},"end":{"line":16,"column":56}},"4":{"start":{"line":19,"column":0},"end":{"line":23,"column":4}},"5":{"start":{"line":26,"column":0},"end":{"line":26,"column":23}},"6":{"start":{"line":27,"column":0},"end":{"line":27,"column":15}},"7":{"start":{"line":31,"column":0},"end":{"line":31,"column":40}},"8":{"start":{"line":32,"column":0},"end":{"line":32,"column":38}}},"fnMap":{},"branchMap":{},"s":{"0":1,"1":1,"2":1,"3":1,"4":1,"5":1,"6":1,"7":1,"8":1},"f":{},"b":{},"_coverageSchema":"1a1c01bbd47fc00a2c39e90264f33305004495a9","hash":"42fedd04a21148c50f88b7128282d5c8ca422a1d"}
,"C:\\Users\\Administrator\\Desktop\\Assignments\\Quotes-API\\Controllers\\authorController.js": {"path":"C:\\Users\\Administrator\\Desktop\\Assignments\\Quotes-API\\Controllers\\authorController.js","statementMap":{"0":{"start":{"line":6,"column":15},"end":{"line":6,"column":33}},"1":{"start":{"line":8,"column":22},"end":{"line":18,"column":1}},"2":{"start":{"line":9,"column":4},"end":{"line":17,"column":5}},"3":{"start":{"line":10,"column":27},"end":{"line":10,"column":57}},"4":{"start":{"line":12,"column":8},"end":{"line":14,"column":11}},"5":{"start":{"line":16,"column":8},"end":{"line":16,"column":57}},"6":{"start":{"line":21,"column":24},"end":{"line":57,"column":1}},"7":{"start":{"line":22,"column":4},"end":{"line":56,"column":5}},"8":{"start":{"line":23,"column":58},"end":{"line":23,"column":66}},"9":{"start":{"line":26,"column":31},"end":{"line":28,"column":10}},"10":{"start":{"line":30,"column":8},"end":{"line":32,"column":9}},"11":{"start":{"line":31,"column":12},"end":{"line":31,"column":112}},"12":{"start":{"line":35,"column":31},"end":{"line":35,"column":62}},"13":{"start":{"line":38,"column":26},"end":{"line":43,"column":10}},"14":{"start":{"line":46,"column":8},"end":{"line":49,"column":11}},"15":{"start":{"line":52,"column":8},"end":{"line":52,"column":53}},"16":{"start":{"line":55,"column":8},"end":{"line":55,"column":91}},"17":{"start":{"line":60,"column":20},"end":{"line":92,"column":1}},"18":{"start":{"line":61,"column":4},"end":{"line":91,"column":5}},"19":{"start":{"line":62,"column":36},"end":{"line":62,"column":44}},"20":{"start":{"line":64,"column":8},"end":{"line":66,"column":9}},"21":{"start":{"line":65,"column":12},"end":{"line":65,"column":100}},"22":{"start":{"line":68,"column":23},"end":{"line":72,"column":10}},"23":{"start":{"line":74,"column":8},"end":{"line":74,"column":39}},"24":{"start":{"line":76,"column":31},"end":{"line":76,"column":76}},"25":{"start":{"line":78,"column":8},"end":{"line":87,"column":9}},"26":{"start":{"line":79,"column":23},"end":{"line":79,"column":77}},"27":{"start":{"line":80,"column":12},"end":{"line":80,"column":29}},"28":{"start":{"line":82,"column":26},"end":{"line":82,"column":46}},"29":{"start":{"line":83,"column":12},"end":{"line":83,"column":30}},"30":{"start":{"line":84,"column":12},"end":{"line":84,"column":95}},"31":{"start":{"line":86,"column":12},"end":{"line":86,"column":83}},"32":{"start":{"line":89,"column":8},"end":{"line":89,"column":34}},"33":{"start":{"line":90,"column":8},"end":{"line":90,"column":116}},"34":{"start":{"line":95,"column":22},"end":{"line":110,"column":1}},"35":{"start":{"line":96,"column":21},"end":{"line":96,"column":48}},"36":{"start":{"line":97,"column":4},"end":{"line":109,"column":5}},"37":{"start":{"line":98,"column":25},"end":{"line":102,"column":10}},"38":{"start":{"line":104,"column":8},"end":{"line":106,"column":11}},"39":{"start":{"line":108,"column":8},"end":{"line":108,"column":72}},"40":{"start":{"line":113,"column":25},"end":{"line":133,"column":1}},"41":{"start":{"line":114,"column":4},"end":{"line":132,"column":5}},"42":{"start":{"line":115,"column":19},"end":{"line":115,"column":33}},"43":{"start":{"line":116,"column":30},"end":{"line":123,"column":10}},"44":{"start":{"line":124,"column":8},"end":{"line":124,"column":34}},"45":{"start":{"line":125,"column":8},"end":{"line":127,"column":72}},"46":{"start":{"line":129,"column":8},"end":{"line":131,"column":54}},"47":{"start":{"line":136,"column":25},"end":{"line":162,"column":1}},"48":{"start":{"line":138,"column":19},"end":{"line":138,"column":29}},"49":{"start":{"line":139,"column":4},"end":{"line":160,"column":5}},"50":{"start":{"line":141,"column":25},"end":{"line":141,"column":41}},"51":{"start":{"line":144,"column":30},"end":{"line":148,"column":10}},"52":{"start":{"line":151,"column":8},"end":{"line":151,"column":48}},"53":{"start":{"line":154,"column":8},"end":{"line":159,"column":9}},"54":{"start":{"line":155,"column":12},"end":{"line":155,"column":74}},"55":{"start":{"line":158,"column":12},"end":{"line":158,"column":90}}},"fnMap":{"0":{"name":"(anonymous_0)","decl":{"start":{"line":8,"column":22},"end":{"line":8,"column":23}},"loc":{"start":{"line":8,"column":42},"end":{"line":18,"column":1}},"line":8},"1":{"name":"(anonymous_1)","decl":{"start":{"line":21,"column":24},"end":{"line":21,"column":25}},"loc":{"start":{"line":21,"column":44},"end":{"line":57,"column":1}},"line":21},"2":{"name":"(anonymous_2)","decl":{"start":{"line":60,"column":20},"end":{"line":60,"column":21}},"loc":{"start":{"line":60,"column":40},"end":{"line":92,"column":1}},"line":60},"3":{"name":"(anonymous_3)","decl":{"start":{"line":95,"column":22},"end":{"line":95,"column":23}},"loc":{"start":{"line":95,"column":42},"end":{"line":110,"column":1}},"line":95},"4":{"name":"(anonymous_4)","decl":{"start":{"line":113,"column":25},"end":{"line":113,"column":26}},"loc":{"start":{"line":113,"column":45},"end":{"line":133,"column":1}},"line":113},"5":{"name":"(anonymous_5)","decl":{"start":{"line":136,"column":25},"end":{"line":136,"column":26}},"loc":{"start":{"line":136,"column":45},"end":{"line":162,"column":1}},"line":136}},"branchMap":{"0":{"loc":{"start":{"line":30,"column":8},"end":{"line":32,"column":9}},"type":"if","locations":[{"start":{"line":30,"column":8},"end":{"line":32,"column":9}},{"start":{},"end":{}}],"line":30},"1":{"loc":{"start":{"line":64,"column":8},"end":{"line":66,"column":9}},"type":"if","locations":[{"start":{"line":64,"column":8},"end":{"line":66,"column":9}},{"start":{},"end":{}}],"line":64},"2":{"loc":{"start":{"line":64,"column":12},"end":{"line":64,"column":31}},"type":"binary-expr","locations":[{"start":{"line":64,"column":12},"end":{"line":64,"column":18}},{"start":{"line":64,"column":22},"end":{"line":64,"column":31}}],"line":64},"3":{"loc":{"start":{"line":78,"column":8},"end":{"line":87,"column":9}},"type":"if","locations":[{"start":{"line":78,"column":8},"end":{"line":87,"column":9}},{"start":{"line":85,"column":15},"end":{"line":87,"column":9}}],"line":78},"4":{"loc":{"start":{"line":154,"column":8},"end":{"line":159,"column":9}},"type":"if","locations":[{"start":{"line":154,"column":8},"end":{"line":159,"column":9}},{"start":{"line":156,"column":15},"end":{"line":159,"column":9}}],"line":154}},"s":{"0":1,"1":1,"2":1,"3":1,"4":1,"5":0,"6":1,"7":3,"8":3,"9":3,"10":3,"11":3,"12":0,"13":0,"14":0,"15":0,"16":0,"17":1,"18":2,"19":2,"20":2,"21":1,"22":1,"23":1,"24":1,"25":1,"26":1,"27":1,"28":1,"29":1,"30":1,"31":0,"32":0,"33":0,"34":1,"35":2,"36":2,"37":2,"38":2,"39":0,"40":1,"41":0,"42":0,"43":0,"44":0,"45":0,"46":0,"47":1,"48":0,"49":0,"50":0,"51":0,"52":0,"53":0,"54":0,"55":0},"f":{"0":1,"1":3,"2":2,"3":2,"4":0,"5":0},"b":{"0":[3,0],"1":[1,1],"2":[2,1],"3":[1,0],"4":[0,0]},"_coverageSchema":"1a1c01bbd47fc00a2c39e90264f33305004495a9","hash":"48cb8fab6f4818873daa8dc5db13dcd95674677b"}
,"C:\\Users\\Administrator\\Desktop\\Assignments\\Quotes-API\\Controllers\\quoteController.js": {"path":"C:\\Users\\Administrator\\Desktop\\Assignments\\Quotes-API\\Controllers\\quoteController.js","statementMap":{"0":{"start":{"line":5,"column":15},"end":{"line":5,"column":33}},"1":{"start":{"line":8,"column":21},"end":{"line":18,"column":1}},"2":{"start":{"line":9,"column":4},"end":{"line":17,"column":5}},"3":{"start":{"line":10,"column":26},"end":{"line":10,"column":55}},"4":{"start":{"line":12,"column":8},"end":{"line":14,"column":11}},"5":{"start":{"line":16,"column":8},"end":{"line":16,"column":72}},"6":{"start":{"line":21,"column":23},"end":{"line":45,"column":1}},"7":{"start":{"line":23,"column":41},"end":{"line":23,"column":49}},"8":{"start":{"line":25,"column":4},"end":{"line":42,"column":5}},"9":{"start":{"line":27,"column":25},"end":{"line":33,"column":10}},"10":{"start":{"line":36,"column":8},"end":{"line":38,"column":11}},"11":{"start":{"line":41,"column":8},"end":{"line":41,"column":72}},"12":{"start":{"line":48,"column":21},"end":{"line":63,"column":1}},"13":{"start":{"line":49,"column":23},"end":{"line":49,"column":50}},"14":{"start":{"line":50,"column":4},"end":{"line":62,"column":5}},"15":{"start":{"line":51,"column":24},"end":{"line":55,"column":10}},"16":{"start":{"line":57,"column":8},"end":{"line":59,"column":11}},"17":{"start":{"line":61,"column":8},"end":{"line":61,"column":72}},"18":{"start":{"line":66,"column":24},"end":{"line":86,"column":1}},"19":{"start":{"line":67,"column":4},"end":{"line":85,"column":4}},"20":{"start":{"line":68,"column":19},"end":{"line":68,"column":33}},"21":{"start":{"line":69,"column":29},"end":{"line":77,"column":10}},"22":{"start":{"line":78,"column":8},"end":{"line":80,"column":69}},"23":{"start":{"line":82,"column":8},"end":{"line":84,"column":53}},"24":{"start":{"line":90,"column":24},"end":{"line":116,"column":1}},"25":{"start":{"line":92,"column":17},"end":{"line":92,"column":27}},"26":{"start":{"line":93,"column":4},"end":{"line":114,"column":5}},"27":{"start":{"line":95,"column":22},"end":{"line":95,"column":38}},"28":{"start":{"line":98,"column":29},"end":{"line":102,"column":10}},"29":{"start":{"line":105,"column":8},"end":{"line":105,"column":47}},"30":{"start":{"line":108,"column":8},"end":{"line":113,"column":9}},"31":{"start":{"line":109,"column":12},"end":{"line":109,"column":73}},"32":{"start":{"line":112,"column":12},"end":{"line":112,"column":89}}},"fnMap":{"0":{"name":"(anonymous_0)","decl":{"start":{"line":8,"column":21},"end":{"line":8,"column":22}},"loc":{"start":{"line":8,"column":39},"end":{"line":18,"column":1}},"line":8},"1":{"name":"(anonymous_1)","decl":{"start":{"line":21,"column":23},"end":{"line":21,"column":24}},"loc":{"start":{"line":21,"column":43},"end":{"line":45,"column":1}},"line":21},"2":{"name":"(anonymous_2)","decl":{"start":{"line":48,"column":21},"end":{"line":48,"column":22}},"loc":{"start":{"line":48,"column":41},"end":{"line":63,"column":1}},"line":48},"3":{"name":"(anonymous_3)","decl":{"start":{"line":66,"column":24},"end":{"line":66,"column":25}},"loc":{"start":{"line":66,"column":44},"end":{"line":86,"column":1}},"line":66},"4":{"name":"(anonymous_4)","decl":{"start":{"line":90,"column":24},"end":{"line":90,"column":25}},"loc":{"start":{"line":90,"column":44},"end":{"line":116,"column":1}},"line":90}},"branchMap":{"0":{"loc":{"start":{"line":108,"column":8},"end":{"line":113,"column":9}},"type":"if","locations":[{"start":{"line":108,"column":8},"end":{"line":113,"column":9}},{"start":{"line":110,"column":15},"end":{"line":113,"column":9}}],"line":108}},"s":{"0":1,"1":1,"2":0,"3":0,"4":0,"5":0,"6":1,"7":0,"8":0,"9":0,"10":0,"11":0,"12":1,"13":0,"14":0,"15":0,"16":0,"17":0,"18":1,"19":0,"20":0,"21":0,"22":0,"23":0,"24":1,"25":0,"26":0,"27":0,"28":0,"29":0,"30":0,"31":0,"32":0},"f":{"0":0,"1":0,"2":0,"3":0,"4":0},"b":{"0":[0,0]},"_coverageSchema":"1a1c01bbd47fc00a2c39e90264f33305004495a9","hash":"819d5f9a19f2d742ac174d64718dc15f2746db89"}
,"C:\\Users\\Administrator\\Desktop\\Assignments\\Quotes-API\\Routes\\authorsRouter.js": {"path":"C:\\Users\\Administrator\\Desktop\\Assignments\\Quotes-API\\Routes\\authorsRouter.js","statementMap":{"0":{"start":{"line":6,"column":15},"end":{"line":6,"column":23}},"1":{"start":{"line":8,"column":0},"end":{"line":8,"column":43}},"2":{"start":{"line":10,"column":0},"end":{"line":10,"column":65}},"3":{"start":{"line":12,"column":0},"end":{"line":12,"column":34}},"4":{"start":{"line":14,"column":0},"end":{"line":14,"column":46}},"5":{"start":{"line":16,"column":0},"end":{"line":16,"column":51}},"6":{"start":{"line":18,"column":0},"end":{"line":18,"column":52}}},"fnMap":{},"branchMap":{},"s":{"0":1,"1":1,"2":1,"3":1,"4":1,"5":1,"6":1},"f":{},"b":{},"_coverageSchema":"1a1c01bbd47fc00a2c39e90264f33305004495a9","hash":"c2fe289f9f44a62f7e19a884ec7f40ddbd3f8fbc"}
,"C:\\Users\\Administrator\\Desktop\\Assignments\\Quotes-API\\Routes\\quotesRouter.js": {"path":"C:\\Users\\Administrator\\Desktop\\Assignments\\Quotes-API\\Routes\\quotesRouter.js","statementMap":{"0":{"start":{"line":5,"column":15},"end":{"line":5,"column":23}},"1":{"start":{"line":8,"column":0},"end":{"line":8,"column":29}},"2":{"start":{"line":11,"column":0},"end":{"line":11,"column":32}},"3":{"start":{"line":14,"column":0},"end":{"line":14,"column":32}},"4":{"start":{"line":17,"column":0},"end":{"line":17,"column":37}},"5":{"start":{"line":20,"column":0},"end":{"line":20,"column":38}}},"fnMap":{},"branchMap":{},"s":{"0":1,"1":1,"2":1,"3":1,"4":1,"5":1},"f":{},"b":{},"_coverageSchema":"1a1c01bbd47fc00a2c39e90264f33305004495a9","hash":"f1d4d95f4942f625eeda6f003d4fe4d7595be848"}
,"C:\\Users\\Administrator\\Desktop\\Assignments\\Quotes-API\\Utils\\circumference.js": {"path":"C:\\Users\\Administrator\\Desktop\\Assignments\\Quotes-API\\Utils\\circumference.js","statementMap":{"0":{"start":{"line":1,"column":22},"end":{"line":3,"column":1}},"1":{"start":{"line":2,"column":4},"end":{"line":2,"column":39}}},"fnMap":{"0":{"name":"(anonymous_0)","decl":{"start":{"line":1,"column":22},"end":{"line":1,"column":23}},"loc":{"start":{"line":1,"column":34},"end":{"line":3,"column":1}},"line":1}},"branchMap":{},"s":{"0":1,"1":1},"f":{"0":1},"b":{},"_coverageSchema":"1a1c01bbd47fc00a2c39e90264f33305004495a9","hash":"0c84a94d289358c537ce34a934e793c346355025"}
,"C:\\Users\\Administrator\\Desktop\\Assignments\\Quotes-API\\Utils\\data-validator.js": {"path":"C:\\Users\\Administrator\\Desktop\\Assignments\\Quotes-API\\Utils\\data-validator.js","statementMap":{"0":{"start":{"line":4,"column":21},"end":{"line":9,"column":2}},"1":{"start":{"line":11,"column":17},"end":{"line":20,"column":1}},"2":{"start":{"line":12,"column":4},"end":{"line":19,"column":5}},"3":{"start":{"line":13,"column":23},"end":{"line":13,"column":48}},"4":{"start":{"line":14,"column":8},"end":{"line":18,"column":9}},"5":{"start":{"line":15,"column":12},"end":{"line":15,"column":86}},"6":{"start":{"line":17,"column":12},"end":{"line":17,"column":19}}},"fnMap":{"0":{"name":"(anonymous_0)","decl":{"start":{"line":11,"column":17},"end":{"line":11,"column":18}},"loc":{"start":{"line":11,"column":29},"end":{"line":20,"column":1}},"line":11},"1":{"name":"(anonymous_1)","decl":{"start":{"line":12,"column":11},"end":{"line":12,"column":12}},"loc":{"start":{"line":12,"column":31},"end":{"line":19,"column":5}},"line":12}},"branchMap":{"0":{"loc":{"start":{"line":14,"column":8},"end":{"line":18,"column":9}},"type":"if","locations":[{"start":{"line":14,"column":8},"end":{"line":18,"column":9}},{"start":{"line":16,"column":15},"end":{"line":18,"column":9}}],"line":14}},"s":{"0":1,"1":1,"2":1,"3":3,"4":3,"5":0,"6":3},"f":{"0":1,"1":3},"b":{"0":[0,3]},"_coverageSchema":"1a1c01bbd47fc00a2c39e90264f33305004495a9","hash":"04acacd84cbf39170944a4c9f0628569050185ab"}
,"C:\\Users\\Administrator\\Desktop\\Assignments\\Quotes-API\\Utils\\token-handler.js": {"path":"C:\\Users\\Administrator\\Desktop\\Assignments\\Quotes-API\\Utils\\token-handler.js","statementMap":{"0":{"start":{"line":5,"column":23},"end":{"line":7,"column":1}},"1":{"start":{"line":6,"column":4},"end":{"line":6,"column":76}},"2":{"start":{"line":9,"column":20},"end":{"line":29,"column":1}},"3":{"start":{"line":10,"column":23},"end":{"line":10,"column":48}},"4":{"start":{"line":12,"column":4},"end":{"line":28,"column":5}},"5":{"start":{"line":13,"column":22},"end":{"line":13,"column":46}},"6":{"start":{"line":15,"column":8},"end":{"line":25,"column":9}},"7":{"start":{"line":16,"column":12},"end":{"line":22,"column":15}},"8":{"start":{"line":17,"column":16},"end":{"line":19,"column":17}},"9":{"start":{"line":18,"column":20},"end":{"line":18,"column":105}},"10":{"start":{"line":20,"column":16},"end":{"line":20,"column":39}},"11":{"start":{"line":21,"column":16},"end":{"line":21,"column":23}},"12":{"start":{"line":24,"column":12},"end":{"line":24,"column":98}},"13":{"start":{"line":27,"column":8},"end":{"line":27,"column":101}}},"fnMap":{"0":{"name":"(anonymous_0)","decl":{"start":{"line":5,"column":23},"end":{"line":5,"column":24}},"loc":{"start":{"line":5,"column":33},"end":{"line":7,"column":1}},"line":5},"1":{"name":"(anonymous_1)","decl":{"start":{"line":9,"column":20},"end":{"line":9,"column":21}},"loc":{"start":{"line":9,"column":40},"end":{"line":29,"column":1}},"line":9},"2":{"name":"(anonymous_2)","decl":{"start":{"line":16,"column":58},"end":{"line":16,"column":59}},"loc":{"start":{"line":16,"column":75},"end":{"line":22,"column":13}},"line":16}},"branchMap":{"0":{"loc":{"start":{"line":12,"column":4},"end":{"line":28,"column":5}},"type":"if","locations":[{"start":{"line":12,"column":4},"end":{"line":28,"column":5}},{"start":{"line":26,"column":11},"end":{"line":28,"column":5}}],"line":12},"1":{"loc":{"start":{"line":15,"column":8},"end":{"line":25,"column":9}},"type":"if","locations":[{"start":{"line":15,"column":8},"end":{"line":25,"column":9}},{"start":{"line":23,"column":15},"end":{"line":25,"column":9}}],"line":15},"2":{"loc":{"start":{"line":17,"column":16},"end":{"line":19,"column":17}},"type":"if","locations":[{"start":{"line":17,"column":16},"end":{"line":19,"column":17}},{"start":{},"end":{}}],"line":17}},"s":{"0":1,"1":1,"2":1,"3":3,"4":3,"5":3,"6":3,"7":3,"8":3,"9":0,"10":3,"11":3,"12":0,"13":0},"f":{"0":1,"1":3,"2":3},"b":{"0":[3,0],"1":[3,0],"2":[0,3]},"_coverageSchema":"1a1c01bbd47fc00a2c39e90264f33305004495a9","hash":"3f81b403d5046836a8efdc27cb94d92d51af8b19"}
}
