TN:
SF:server.js
FNF:0
FNH:0
DA:9,1
DA:10,1
DA:13,1
DA:16,1
DA:19,1
DA:26,1
DA:27,1
DA:31,1
DA:32,1
LF:9
LH:9
BRF:0
BRH:0
end_of_record
TN:
SF:Controllers\authorController.js
FN:8,(anonymous_0)
FN:21,(anonymous_1)
FN:60,(anonymous_2)
FN:95,(anonymous_3)
FN:113,(anonymous_4)
FN:136,(anonymous_5)
FNF:6
FNH:4
FNDA:1,(anonymous_0)
FNDA:3,(anonymous_1)
FNDA:2,(anonymous_2)
FNDA:2,(anonymous_3)
FNDA:0,(anonymous_4)
FNDA:0,(anonymous_5)
DA:6,1
DA:8,1
DA:9,1
DA:10,1
DA:12,1
DA:16,0
DA:21,1
DA:22,3
DA:23,3
DA:26,3
DA:30,3
DA:31,3
DA:35,0
DA:38,0
DA:46,0
DA:52,0
DA:55,0
DA:60,1
DA:61,2
DA:62,2
DA:64,2
DA:65,1
DA:68,1
DA:74,1
DA:76,1
DA:78,1
DA:79,1
DA:80,1
DA:82,1
DA:83,1
DA:84,1
DA:86,0
DA:89,0
DA:90,0
DA:95,1
DA:96,2
DA:97,2
DA:98,2
DA:104,2
DA:108,0
DA:113,1
DA:114,0
DA:115,0
DA:116,0
DA:124,0
DA:125,0
DA:129,0
DA:136,1
DA:138,0
DA:139,0
DA:141,0
DA:144,0
DA:151,0
DA:154,0
DA:155,0
DA:158,0
LF:56
LH:32
BRDA:30,0,0,3
BRDA:30,0,1,0
BRDA:64,1,0,1
BRDA:64,1,1,1
BRDA:64,2,0,2
BRDA:64,2,1,1
BRDA:78,3,0,1
BRDA:78,3,1,0
BRDA:154,4,0,0
BRDA:154,4,1,0
BRF:10
BRH:6
end_of_record
TN:
SF:Controllers\quoteController.js
FN:8,(anonymous_0)
FN:21,(anonymous_1)
FN:48,(anonymous_2)
FN:66,(anonymous_3)
FN:90,(anonymous_4)
FNF:5
FNH:0
FNDA:0,(anonymous_0)
FNDA:0,(anonymous_1)
FNDA:0,(anonymous_2)
FNDA:0,(anonymous_3)
FNDA:0,(anonymous_4)
DA:5,1
DA:8,1
DA:9,0
DA:10,0
DA:12,0
DA:16,0
DA:21,1
DA:23,0
DA:25,0
DA:27,0
DA:36,0
DA:41,0
DA:48,1
DA:49,0
DA:50,0
DA:51,0
DA:57,0
DA:61,0
DA:66,1
DA:67,0
DA:68,0
DA:69,0
DA:78,0
DA:82,0
DA:90,1
DA:92,0
DA:93,0
DA:95,0
DA:98,0
DA:105,0
DA:108,0
DA:109,0
DA:112,0
LF:33
LH:6
BRDA:108,0,0,0
BRDA:108,0,1,0
BRF:2
BRH:0
end_of_record
TN:
SF:Routes\authorsRouter.js
FNF:0
FNH:0
DA:6,1
DA:8,1
DA:10,1
DA:12,1
DA:14,1
DA:16,1
DA:18,1
LF:7
LH:7
BRF:0
BRH:0
end_of_record
TN:
SF:Routes\quotesRouter.js
FNF:0
FNH:0
DA:5,1
DA:8,1
DA:11,1
DA:14,1
DA:17,1
DA:20,1
LF:6
LH:6
BRF:0
BRH:0
end_of_record
TN:
SF:Utils\circumference.js
FN:1,(anonymous_0)
FNF:1
FNH:1
FNDA:1,(anonymous_0)
DA:1,1
DA:2,1
LF:2
LH:2
BRF:0
BRH:0
end_of_record
TN:
SF:Utils\data-validator.js
FN:11,(anonymous_0)
FN:12,(anonymous_1)
FNF:2
FNH:2
FNDA:1,(anonymous_0)
FNDA:3,(anonymous_1)
DA:4,1
DA:11,1
DA:12,1
DA:13,3
DA:14,3
DA:15,0
DA:17,3
LF:7
LH:6
BRDA:14,0,0,0
BRDA:14,0,1,3
BRF:2
BRH:1
end_of_record
TN:
SF:Utils\token-handler.js
FN:5,(anonymous_0)
FN:9,(anonymous_1)
FN:16,(anonymous_2)
FNF:3
FNH:3
FNDA:1,(anonymous_0)
FNDA:3,(anonymous_1)
FNDA:3,(anonymous_2)
DA:5,1
DA:6,1
DA:9,1
DA:10,3
DA:12,3
DA:13,3
DA:15,3
DA:16,3
DA:17,3
DA:18,0
DA:20,3
DA:21,3
DA:24,0
DA:27,0
LF:14
LH:11
BRDA:12,0,0,3
BRDA:12,0,1,0
BRDA:15,1,0,3
BRDA:15,1,1,0
BRDA:17,2,0,0
BRDA:17,2,1,3
BRF:6
BRH:3
end_of_record
